<component name="libraryTable">
  <library name="junit-4.8.2-sources.jar">
    <CLASSES>
      <root url="jar://$USER_HOME$/.coursier/cache/v1/https/repo1.maven.org/maven2/junit/junit/4.8.2/junit-4.8.2-sources.jar!/" />
    </CLASSES>
    <JAVADOC />
    <SOURCES />
  </library>
</component>