<component name="libraryTable">
    <library name="junit-4.12.jar">
        <CLASSES>
            <root url="jar:///home/gadgil/.coursier/cache/v1/https/repo1.maven.org/maven2/junit/junit/4.12/junit-4.12.jar!/"/>
        </CLASSES>
        <SOURCES>
            <root url="jar:///home/gadgil/.coursier/cache/v1/https/repo1.maven.org/maven2/junit/junit/4.12/junit-4.12-sources.jar!/"/>
        </SOURCES>
    </library>
</component>